<?xml version="1.0" encoding="UTF-8"?>
<!-- Generated by org.testng.reporters.JUnitReportReporter -->
<testsuite hostname="Qwerty" failures="0" tests="1" name="AnnotationTests.LoginTest" time="7.483" errors="0" timestamp="2023-10-03T18:41:02 CEST" skipped="0">
  <testcase classname="AnnotationTests.LoginTest" name="userCanLogIn" time="7.483"/>
</testsuite> <!-- AnnotationTests.LoginTest -->
