<?xml version="1.0" encoding="UTF-8"?>
<!-- Generated by org.testng.reporters.JUnitReportReporter -->
<testsuite hostname="Qwerty" failures="0" tests="1" name="Tests.LoginTest" time="7.994" errors="0" timestamp="2023-10-03T18:41:02 CEST" skipped="0">
  <testcase classname="Tests.LoginTest" name="verifyThatUserCanLogIn" time="7.994"/>
</testsuite> <!-- Tests.LoginTest -->
